<?xml version="1.0" encoding="UTF-8"?>
<!-- Generated by org.testng.reporters.JUnitReportReporter -->
<testsuite hostname="DESKTOP-MEJGR9B" failures="0" tests="1" name="com.inetBanking.TestCases.TC_LoginTest_001" time="2.361" errors="0" timestamp="2020-07-27T02:31:09 IST" skipped="0">
  <testcase classname="com.inetBanking.TestCases.TC_LoginTest_001" name="logInTest" time="2.361"/>
  <system-out/>
</testsuite> <!-- com.inetBanking.TestCases.TC_LoginTest_001 -->
