<?xml version="1.0" encoding="UTF-8"?>
<!-- Generated by org.testng.reporters.JUnitReportReporter -->
<testsuite hostname="DESKTOP-MEJGR9B" failures="0" tests="1" name="com.inetBanking.TestCases.TC_NewCust_003" time="20.776" errors="0" timestamp="2020-07-26T23:47:37 IST" skipped="0">
  <testcase classname="com.inetBanking.TestCases.TC_NewCust_003" name="addCustomer" time="20.776"/>
  <system-out/>
</testsuite> <!-- com.inetBanking.TestCases.TC_NewCust_003 -->
