<?xml version="1.0" encoding="UTF-8"?>
<!-- Generated by org.testng.reporters.JUnitReportReporter -->
<testsuite skipped="0" hostname="DESKTOP-MEJGR9B" name="com.inetBanking.TestCases.TC_LoginTest_001" tests="1" failures="0" timestamp="2020-07-27T03:05:29 IST" time="3.201" errors="0">
  <testcase name="logInTest" time="3.201" classname="com.inetBanking.TestCases.TC_LoginTest_001"/>
  <system-out/>
</testsuite> <!-- com.inetBanking.TestCases.TC_LoginTest_001 -->
